app/build/outputs/logs/manifest-merger-debug-report.txt
-- Merging decision tree log ---
manifest
ADDED from src/main/AndroidManifest.xml:2:1-64:12
	package
		ADDED from src/main/AndroidManifest.xml:3:7-49
		INJECTED from src/main/AndroidManifest.xml
		INJECTED from src/main/AndroidManifest.xml
	android:versionName
		ADDED from src/main/AndroidManifest.xml:5:7-32
	android:versionCode
		ADDED from src/main/AndroidManifest.xml:4:7-30
		INJECTED from src/main/AndroidManifest.xml
		INJECTED from src/main/AndroidManifest.xml
	xmlns:android
		ADDED from src/main/AndroidManifest.xml:2:11-69
uses-sdk
ADDED from src/main/AndroidManifest.xml:6:5-44
	android:targetSdkVersion
		INJECTED from src/main/AndroidManifest.xml
		INJECTED from src/main/AndroidManifest.xml
	android:minSdkVersion
		ADDED from src/main/AndroidManifest.xml:6:15-41
		INJECTED from src/main/AndroidManifest.xml
		INJECTED from src/main/AndroidManifest.xml
permission#com.skanderjabouzi.favoriteplace.SEND_LOCATION_NOTIFICATIONS
ADDED from src/main/AndroidManifest.xml:8:2-12:39
	android:label
		ADDED from src/main/AndroidManifest.xml:9:4-72
	android:protectionLevel
		ADDED from src/main/AndroidManifest.xml:12:4-36
	android:permissionGroup
		ADDED from src/main/AndroidManifest.xml:11:4-68
	android:description
		ADDED from src/main/AndroidManifest.xml:10:4-84
	android:name
		ADDED from src/main/AndroidManifest.xml:8:14-89
permission#com.skanderjabouzi.favoriteplace.RECEIVE_LOCATION_NOTIFICATIONS
ADDED from src/main/AndroidManifest.xml:14:5-18:52
	android:label
		ADDED from src/main/AndroidManifest.xml:15:17-88
	android:protectionLevel
		ADDED from src/main/AndroidManifest.xml:18:17-49
	android:permissionGroup
		ADDED from src/main/AndroidManifest.xml:17:17-81
	android:description
		ADDED from src/main/AndroidManifest.xml:16:17-100
	android:name
		ADDED from src/main/AndroidManifest.xml:14:17-95
uses-permission#android.permission.INTERNET
ADDED from src/main/AndroidManifest.xml:20:5-67
	android:name
		ADDED from src/main/AndroidManifest.xml:20:22-64
uses-permission#android.permission.VIBRATE
ADDED from src/main/AndroidManifest.xml:21:5-66
	android:name
		ADDED from src/main/AndroidManifest.xml:21:22-63
uses-permission#android.permission.ACCESS_FINE_LOCATION
ADDED from src/main/AndroidManifest.xml:22:5-79
	android:name
		ADDED from src/main/AndroidManifest.xml:22:22-76
uses-permission#android.permission.ACCESS_COARSE_LOCATION
ADDED from src/main/AndroidManifest.xml:23:2-78
	android:name
		ADDED from src/main/AndroidManifest.xml:23:19-75
uses-permission#android.permission.SET_TIME
ADDED from src/main/AndroidManifest.xml:24:5-67
	android:name
		ADDED from src/main/AndroidManifest.xml:24:22-64
uses-permission#android.permission.SET_TIME_ZONE
ADDED from src/main/AndroidManifest.xml:25:5-72
	android:name
		ADDED from src/main/AndroidManifest.xml:25:22-69
uses-permission#android.permission.ACCESS_NETWORK_STATE
ADDED from src/main/AndroidManifest.xml:26:5-79
	android:name
		ADDED from src/main/AndroidManifest.xml:26:22-76
uses-permission#com.skanderjabouzi.favoriteplace.SEND_LOCATION_NOTIFICATIONS
ADDED from src/main/AndroidManifest.xml:28:5-100
	android:name
		ADDED from src/main/AndroidManifest.xml:28:22-97
uses-permission#com.skanderjabouzi.favoriteplace.RECEIVE_LOCATION_NOTIFICATIONS
ADDED from src/main/AndroidManifest.xml:29:5-103
	android:name
		ADDED from src/main/AndroidManifest.xml:29:22-100
application
ADDED from src/main/AndroidManifest.xml:32:5-63:19
	android:label
		ADDED from src/main/AndroidManifest.xml:32:48-80
	android:icon
		ADDED from src/main/AndroidManifest.xml:32:18-47
activity#com.skanderjabouzi.favoriteplace.CoverActivity
ADDED from src/main/AndroidManifest.xml:34:9-43:20
	android:screenOrientation
		ADDED from src/main/AndroidManifest.xml:36:19-55
	android:label
		ADDED from src/main/AndroidManifest.xml:35:19-51
	android:launchMode
		ADDED from src/main/AndroidManifest.xml:37:19-49
	android:theme
		ADDED from src/main/AndroidManifest.xml:38:19-83
	android:name
		ADDED from src/main/AndroidManifest.xml:34:19-80
intent-filter#android.intent.action.MAIN+android.intent.category.LAUNCHER
ADDED from src/main/AndroidManifest.xml:39:13-42:29
action#android.intent.action.MAIN
ADDED from src/main/AndroidManifest.xml:40:17-69
	android:name
		ADDED from src/main/AndroidManifest.xml:40:25-66
category#android.intent.category.LAUNCHER
ADDED from src/main/AndroidManifest.xml:41:17-77
	android:name
		ADDED from src/main/AndroidManifest.xml:41:27-74
activity#com.skanderjabouzi.favoriteplace.LocationActivity
ADDED from src/main/AndroidManifest.xml:45:5-47:43
	android:screenOrientation
		ADDED from src/main/AndroidManifest.xml:47:4-40
	android:label
		ADDED from src/main/AndroidManifest.xml:45:80-117
	android:theme
		ADDED from src/main/AndroidManifest.xml:46:4-68
	android:name
		ADDED from src/main/AndroidManifest.xml:45:15-79
activity#com.skanderjabouzi.favoriteplace.DialActivity
ADDED from src/main/AndroidManifest.xml:48:5-50:43
	android:screenOrientation
		ADDED from src/main/AndroidManifest.xml:50:4-40
	android:label
		ADDED from src/main/AndroidManifest.xml:48:76-109
	android:theme
		ADDED from src/main/AndroidManifest.xml:49:4-68
	android:name
		ADDED from src/main/AndroidManifest.xml:48:15-75
activity#com.skanderjabouzi.favoriteplace.SettingsActivity
ADDED from src/main/AndroidManifest.xml:51:5-52:43
	android:screenOrientation
		ADDED from src/main/AndroidManifest.xml:52:4-40
	android:label
		ADDED from src/main/AndroidManifest.xml:51:80-117
	android:name
		ADDED from src/main/AndroidManifest.xml:51:15-79
service#com.skanderjabouzi.favoriteplace.LocationService
ADDED from src/main/AndroidManifest.xml:54:5-102
	android:enabled
		ADDED from src/main/AndroidManifest.xml:54:78-100
	android:name
		ADDED from src/main/AndroidManifest.xml:54:14-77
receiver#com.skanderjabouzi.favoriteplace.NetworkReceiver
ADDED from src/main/AndroidManifest.xml:56:5-61:16
	android:name
		ADDED from src/main/AndroidManifest.xml:56:15-78
intent-filter#android.intent.action.TIMEZONE_CHANGED+android.net.conn.CONNECTIVITY_CHANGE
ADDED from src/main/AndroidManifest.xml:57:3-60:19
action#android.intent.action.TIMEZONE_CHANGED
ADDED from src/main/AndroidManifest.xml:58:4-68
	android:name
		ADDED from src/main/AndroidManifest.xml:58:12-65
action#android.net.conn.CONNECTIVITY_CHANGE
ADDED from src/main/AndroidManifest.xml:59:4-66
	android:name
		ADDED from src/main/AndroidManifest.xml:59:12-63